# JRE version: Java(TM) SE Runtime Environment (8.0_131-b11) (build 1.8.0_131-b11)
# Java VM: Java HotSpot(TM) 64-Bit Server VM (25.131-b11 mixed mode windows-amd64 compressed oops)
Heap:
 PSYoungGen      total 205824K, used 12833K [0x00000000d5700000, 0x00000000e4980000, 0x0000000100000000)
  eden space 189440K, 6% used [0x00000000d5700000,0x00000000d63886e0,0x00000000e1000000)
  from space 16384K, 0% used [0x00000000e1000000,0x00000000e1000000,0x00000000e2000000)
  to   space 13824K, 4% used [0x00000000e2000000,0x00000000e2090000,0x00000000e2d80000)
 ParOldGen       total 51712K, used 31723K [0x0000000080400000, 0x0000000083680000, 0x00000000d5700000)
  object space 51712K, 61% used [0x0000000080400000,0x00000000822fac08,0x0000000083680000)
 Metaspace       used 47790K, capacity 50124K, committed 50216K, reserved 1099776K
  class space    used 6712K, capacity 7189K, committed 7208K, reserved 1048576K
GC Heap History (10 events):
Event: 2.692 GC heap after
Heap after GC invocations=8 (full 1):
 PSYoungGen      total 136704K, used 8693K [0x00000000d5700000, 0x00000000e2d80000, 0x0000000100000000)
  eden space 128000K, 0% used [0x00000000d5700000,0x00000000d5700000,0x00000000dd400000)
  from space 8704K, 99% used [0x00000000dd400000,0x00000000ddc7d668,0x00000000ddc80000)
  to   space 13824K, 0% used [0x00000000e2000000,0x00000000e2000000,0x00000000e2d80000)
 ParOldGen       total 51712K, used 13997K [0x0000000080400000, 0x0000000083680000, 0x00000000d5700000)
  object space 51712K, 27% used [0x0000000080400000,0x00000000811ab688,0x0000000083680000)
 Metaspace       used 28865K, capacity 30352K, committed 30720K, reserved 1075200K
  class space    used 3964K, capacity 4269K, committed 4352K, reserved 1048576K
}
Event: 3.139 GC heap before
{Heap before GC invocations=9 (full 1):
 PSYoungGen      total 136704K, used 114726K [0x00000000d5700000, 0x00000000e2d80000, 0x0000000100000000)
  eden space 128000K, 82% used [0x00000000d5700000,0x00000000dbe8c390,0x00000000dd400000)
  from space 8704K, 99% used [0x00000000dd400000,0x00000000ddc7d668,0x00000000ddc80000)
  to   space 13824K, 0% used [0x00000000e2000000,0x00000000e2000000,0x00000000e2d80000)
 ParOldGen       total 51712K, used 13997K [0x0000000080400000, 0x0000000083680000, 0x00000000d5700000)
  object space 51712K, 27% used [0x0000000080400000,0x00000000811ab688,0x0000000083680000)
 Metaspace       used 33828K, capacity 35414K, committed 35496K, reserved 1079296K
  class space    used 4454K, capacity 4760K, committed 4776K, reserved 1048576K
Event: 3.156 GC heap after
Heap after GC invocations=9 (full 1):
 PSYoungGen      total 203264K, used 13804K [0x00000000d5700000, 0x00000000e4980000, 0x0000000100000000)
  eden space 189440K, 0% used [0x00000000d5700000,0x00000000d5700000,0x00000000e1000000)
  from space 13824K, 99% used [0x00000000e2000000,0x00000000e2d7b1d8,0x00000000e2d80000)
  to   space 16384K, 0% used [0x00000000e1000000,0x00000000e1000000,0x00000000e2000000)
 ParOldGen       total 51712K, used 14331K [0x0000000080400000, 0x0000000083680000, 0x00000000d5700000)
  object space 51712K, 27% used [0x0000000080400000,0x00000000811feef8,0x0000000083680000)
 Metaspace       used 33828K, capacity 35414K, committed 35496K, reserved 1079296K
  class space    used 4454K, capacity 4760K, committed 4776K, reserved 1048576K
}
Event: 3.156 GC heap before
{Heap before GC invocations=10 (full 2):
 PSYoungGen      total 203264K, used 13804K [0x00000000d5700000, 0x00000000e4980000, 0x0000000100000000)
  eden space 189440K, 0% used [0x00000000d5700000,0x00000000d5700000,0x00000000e1000000)
  from space 13824K, 99% used [0x00000000e2000000,0x00000000e2d7b1d8,0x00000000e2d80000)
  to   space 16384K, 0% used [0x00000000e1000000,0x00000000e1000000,0x00000000e2000000)
 ParOldGen       total 51712K, used 14331K [0x0000000080400000, 0x0000000083680000, 0x00000000d5700000)
  object space 51712K, 27% used [0x0000000080400000,0x00000000811feef8,0x0000000083680000)
 Metaspace       used 33828K, capacity 35414K, committed 35496K, reserved 1079296K
  class space    used 4454K, capacity 4760K, committed 4776K, reserved 1048576K
Event: 3.221 GC heap after
Heap after GC invocations=10 (full 2):
 PSYoungGen      total 203264K, used 0K [0x00000000d5700000, 0x00000000e4980000, 0x0000000100000000)
  eden space 189440K, 0% used [0x00000000d5700000,0x00000000d5700000,0x00000000e1000000)
  from space 13824K, 0% used [0x00000000e2000000,0x00000000e2000000,0x00000000e2d80000)
  to   space 16384K, 0% used [0x00000000e1000000,0x00000000e1000000,0x00000000e2000000)
 ParOldGen       total 51712K, used 20221K [0x0000000080400000, 0x0000000083680000, 0x00000000d5700000)
  object space 51712K, 39% used [0x0000000080400000,0x00000000817bf698,0x0000000083680000)
 Metaspace       used 33828K, capacity 35414K, committed 35496K, reserved 1079296K
  class space    used 4454K, capacity 4760K, committed 4776K, reserved 1048576K
}
Event: 4.321 GC heap before
{Heap before GC invocations=11 (full 2):
 PSYoungGen      total 203264K, used 112472K [0x00000000d5700000, 0x00000000e4980000, 0x0000000100000000)
  eden space 189440K, 59% used [0x00000000d5700000,0x00000000dc4d6190,0x00000000e1000000)
  from space 13824K, 0% used [0x00000000e2000000,0x00000000e2000000,0x00000000e2d80000)
  to   space 16384K, 0% used [0x00000000e1000000,0x00000000e1000000,0x00000000e2000000)
 ParOldGen       total 51712K, used 20221K [0x0000000080400000, 0x0000000083680000, 0x00000000d5700000)
  object space 51712K, 39% used [0x0000000080400000,0x00000000817bf698,0x0000000083680000)
 Metaspace       used 47588K, capacity 49816K, committed 49960K, reserved 1097728K
  class space    used 6664K, capacity 7115K, committed 7208K, reserved 1048576K
Event: 4.342 GC heap after
Heap after GC invocations=11 (full 2):
 PSYoungGen      total 205824K, used 15944K [0x00000000d5700000, 0x00000000e4980000, 0x0000000100000000)
  eden space 189440K, 0% used [0x00000000d5700000,0x00000000d5700000,0x00000000e1000000)
  from space 16384K, 97% used [0x00000000e1000000,0x00000000e1f92330,0x00000000e2000000)
  to   space 13824K, 0% used [0x00000000e2000000,0x00000000e2000000,0x00000000e2d80000)
 ParOldGen       total 51712K, used 20229K [0x0000000080400000, 0x0000000083680000, 0x00000000d5700000)
  object space 51712K, 39% used [0x0000000080400000,0x00000000817c1698,0x0000000083680000)
 Metaspace       used 47588K, capacity 49816K, committed 49960K, reserved 1097728K
  class space    used 6664K, capacity 7115K, committed 7208K, reserved 1048576K
}
Event: 4.342 GC heap before
{Heap before GC invocations=12 (full 3):
 PSYoungGen      total 205824K, used 15944K [0x00000000d5700000, 0x00000000e4980000, 0x0000000100000000)
  eden space 189440K, 0% used [0x00000000d5700000,0x00000000d5700000,0x00000000e1000000)
  from space 16384K, 97% used [0x00000000e1000000,0x00000000e1f92330,0x00000000e2000000)
  to   space 13824K, 0% used [0x00000000e2000000,0x00000000e2000000,0x00000000e2d80000)
 ParOldGen       total 51712K, used 20229K [0x0000000080400000, 0x0000000083680000, 0x00000000d5700000)
  object space 51712K, 39% used [0x0000000080400000,0x00000000817c1698,0x0000000083680000)
 Metaspace       used 47588K, capacity 49816K, committed 49960K, reserved 1097728K
  class space    used 6664K, capacity 7115K, committed 7208K, reserved 1048576K
Event: 4.478 GC heap after
Heap after GC invocations=12 (full 3):
 PSYoungGen      total 205824K, used 0K [0x00000000d5700000, 0x00000000e4980000, 0x0000000100000000)
  eden space 189440K, 0% used [0x00000000d5700000,0x00000000d5700000,0x00000000e1000000)
  from space 16384K, 0% used [0x00000000e1000000,0x00000000e1000000,0x00000000e2000000)
  to   space 13824K, 0% used [0x00000000e2000000,0x00000000e2000000,0x00000000e2d80000)
 ParOldGen       total 51712K, used 31715K [0x0000000080400000, 0x0000000083680000, 0x00000000d5700000)
  object space 51712K, 61% used [0x0000000080400000,0x00000000822f8c08,0x0000000083680000)
 Metaspace       used 47588K, capacity 49816K, committed 49960K, reserved 1095680K
  class space    used 6664K, capacity 7115K, committed 7208K, reserved 1048576K
}
Event: 4.549 GC heap before
{Heap before GC invocations=13 (full 3):
 PSYoungGen      total 205824K, used 12833K [0x00000000d5700000, 0x00000000e4980000, 0x0000000100000000)
  eden space 189440K, 6% used [0x00000000d5700000,0x00000000d63886e0,0x00000000e1000000)
  from space 16384K, 0% used [0x00000000e1000000,0x00000000e1000000,0x00000000e2000000)
  to   space 13824K, 0% used [0x00000000e2000000,0x00000000e2000000,0x00000000e2d80000)
 ParOldGen       total 51712K, used 31715K [0x0000000080400000, 0x0000000083680000, 0x00000000d5700000)
  object space 51712K, 61% used [0x0000000080400000,0x00000000822f8c08,0x0000000083680000)
 Metaspace       used 47790K, capacity 50124K, committed 50216K, reserved 1099776K
  class space    used 6712K, capacity 7189K, committed 7208K, reserved 1048576K

